<?xml version="1.0" encoding="UTF-8"?>
<!-- Generated by org.testng.reporters.JUnitReportReporter -->
<testsuite skipped="0" hostname="UTSA-PC" name="SampleClass" tests="1" failures="0" timestamp="17 Dec 2018 09:19:53 GMT" time="0.016" errors="0">
  <testcase name="sampleTestCase" time="0.016" classname="SampleClass"/>
</testsuite> <!-- SampleClass -->
